<?xml version="1.0" encoding="UTF-8"?>
<!-- Generated by org.testng.reporters.JUnitReportReporter -->
<testsuite hostname="DESKTOP-O0NLTGO" failures="0" tests="8" name="login_check.Login" time="35.524" errors="0" timestamp="2022-01-15T10:35:17 IST" skipped="3">
  <testcase classname="login_check.Login" name="SkipTestCaseForcefully" time="1.862">
    <skipped/>
  </testcase> <!-- SkipTestCaseForcefully -->
  <system-out/>
  <testcase classname="login_check.Login" name="SkipTestCaseonCondition" time="5.352">
    <skipped/>
  </testcase> <!-- SkipTestCaseonCondition -->
  <system-out/>
  <testcase classname="login_check.Login" name="logoutbtn_verfying" time="7.208"/>
  <system-out/>
  <testcase classname="login_check.Login" name="Task_pageVerifying" time="5.179"/>
  <system-out/>
  <testcase classname="login_check.Login" name="HomePagetitle" time="3.071"/>
  <system-out/>
  <testcase classname="login_check.Login" name="Report_PageVerfying" time="4.243"/>
  <system-out/>
  <testcase classname="login_check.Login" name="userPage_verfying" time="8.609"/>
  <system-out/>
  <testcase classname="login_check.Login" name="SkipTestCase">
    <skipped/>
  </testcase> <!-- SkipTestCase -->
  <system-out/>
</testsuite> <!-- login_check.Login -->
