<?xml version="1.0" encoding="UTF-8"?>
<!-- Generated by org.testng.reporters.JUnitReportReporter -->
<testsuite hostname="DESKTOP-O0NLTGO" failures="0" tests="1" name="login_check.Login_actitym" time="8.534" errors="0" timestamp="2022-01-15T10:50:51 IST" skipped="0">
  <testcase classname="login_check.Login_actitym" name="TC1" time="8.534"/>
  <system-out/>
</testsuite> <!-- login_check.Login_actitym -->
